# JRE version: OpenJDK Runtime Environment (8.0_242) (build 1.8.0_242-release-1644-b3-6222593)
# Java VM: OpenJDK 64-Bit Server VM (25.242-b3-6222593 mixed mode linux-amd64 compressed oops)
Heap:
 PSYoungGen      total 228352K, used 8987K [0x00000000d5580000, 0x00000000e4600000, 0x0000000100000000)
  eden space 214016K, 0% used [0x00000000d5580000,0x00000000d5580000,0x00000000e2680000)
  from space 14336K, 62% used [0x00000000e3400000,0x00000000e3cc6da0,0x00000000e4200000)
  to   space 13824K, 0% used [0x00000000e2680000,0x00000000e2680000,0x00000000e3400000)
 ParOldGen       total 54272K, used 8238K [0x0000000080000000, 0x0000000083500000, 0x00000000d5580000)
  object space 54272K, 15% used [0x0000000080000000,0x000000008080b970,0x0000000083500000)
 Metaspace       used 34029K, capacity 35312K, committed 35416K, reserved 1079296K
  class space    used 4604K, capacity 4943K, committed 4992K, reserved 1048576K
GC Heap History (10 events):
Event: 3,515 GC heap after
Heap after GC invocations=5 (full 0):
 PSYoungGen      total 68608K, used 5108K [0x00000000d5580000, 0x00000000de980000, 0x0000000100000000)
  eden space 63488K, 0% used [0x00000000d5580000,0x00000000d5580000,0x00000000d9380000)
  from space 5120K, 99% used [0x00000000d9380000,0x00000000d987d050,0x00000000d9880000)
  to   space 12288K, 0% used [0x00000000ddd80000,0x00000000ddd80000,0x00000000de980000)
 ParOldGen       total 84992K, used 10527K [0x0000000080000000, 0x0000000085300000, 0x00000000d5580000)
  object space 84992K, 12% used [0x0000000080000000,0x0000000080a47e58,0x0000000085300000)
 Metaspace       used 20295K, capacity 21038K, committed 21248K, reserved 1067008K
  class space    used 2833K, capacity 3013K, committed 3072K, reserved 1048576K
}
Event: 3,601 GC heap before
{Heap before GC invocations=6 (full 0):
 PSYoungGen      total 68608K, used 6943K [0x00000000d5580000, 0x00000000de980000, 0x0000000100000000)
  eden space 63488K, 2% used [0x00000000d5580000,0x00000000d574aeb8,0x00000000d9380000)
  from space 5120K, 99% used [0x00000000d9380000,0x00000000d987d050,0x00000000d9880000)
  to   space 12288K, 0% used [0x00000000ddd80000,0x00000000ddd80000,0x00000000de980000)
 ParOldGen       total 84992K, used 10527K [0x0000000080000000, 0x0000000085300000, 0x00000000d5580000)
  object space 84992K, 12% used [0x0000000080000000,0x0000000080a47e58,0x0000000085300000)
 Metaspace       used 20411K, capacity 21166K, committed 21248K, reserved 1067008K
  class space    used 2849K, capacity 3053K, committed 3072K, reserved 1048576K
Event: 3,614 GC heap after
Heap after GC invocations=6 (full 0):
 PSYoungGen      total 138240K, used 5220K [0x00000000d5580000, 0x00000000de880000, 0x0000000100000000)
  eden space 126976K, 0% used [0x00000000d5580000,0x00000000d5580000,0x00000000dd180000)
  from space 11264K, 46% used [0x00000000ddd80000,0x00000000de299060,0x00000000de880000)
  to   space 11776K, 0% used [0x00000000dd180000,0x00000000dd180000,0x00000000ddd00000)
 ParOldGen       total 84992K, used 10535K [0x0000000080000000, 0x0000000085300000, 0x00000000d5580000)
  object space 84992K, 12% used [0x0000000080000000,0x0000000080a49e58,0x0000000085300000)
 Metaspace       used 20411K, capacity 21166K, committed 21248K, reserved 1067008K
  class space    used 2849K, capacity 3053K, committed 3072K, reserved 1048576K
}
Event: 3,614 GC heap before
{Heap before GC invocations=7 (full 1):
 PSYoungGen      total 138240K, used 5220K [0x00000000d5580000, 0x00000000de880000, 0x0000000100000000)
  eden space 126976K, 0% used [0x00000000d5580000,0x00000000d5580000,0x00000000dd180000)
  from space 11264K, 46% used [0x00000000ddd80000,0x00000000de299060,0x00000000de880000)
  to   space 11776K, 0% used [0x00000000dd180000,0x00000000dd180000,0x00000000ddd00000)
 ParOldGen       total 84992K, used 10535K [0x0000000080000000, 0x0000000085300000, 0x00000000d5580000)
  object space 84992K, 12% used [0x0000000080000000,0x0000000080a49e58,0x0000000085300000)
 Metaspace       used 20411K, capacity 21166K, committed 21248K, reserved 1067008K
  class space    used 2849K, capacity 3053K, committed 3072K, reserved 1048576K
Event: 3,674 GC heap after
Heap after GC invocations=7 (full 1):
 PSYoungGen      total 138240K, used 0K [0x00000000d5580000, 0x00000000de880000, 0x0000000100000000)
  eden space 126976K, 0% used [0x00000000d5580000,0x00000000d5580000,0x00000000dd180000)
  from space 11264K, 0% used [0x00000000ddd80000,0x00000000ddd80000,0x00000000de880000)
  to   space 11776K, 0% used [0x00000000dd180000,0x00000000dd180000,0x00000000ddd00000)
 ParOldGen       total 54272K, used 7399K [0x0000000080000000, 0x0000000083500000, 0x00000000d5580000)
  object space 54272K, 13% used [0x0000000080000000,0x0000000080739dd8,0x0000000083500000)
 Metaspace       used 20411K, capacity 21166K, committed 21248K, reserved 1067008K
  class space    used 2849K, capacity 3053K, committed 3072K, reserved 1048576K
}
Event: 5,879 GC heap before
{Heap before GC invocations=8 (full 1):
 PSYoungGen      total 138240K, used 126976K [0x00000000d5580000, 0x00000000de880000, 0x0000000100000000)
  eden space 126976K, 100% used [0x00000000d5580000,0x00000000dd180000,0x00000000dd180000)
  from space 11264K, 0% used [0x00000000ddd80000,0x00000000ddd80000,0x00000000de880000)
  to   space 11776K, 0% used [0x00000000dd180000,0x00000000dd180000,0x00000000ddd00000)
 ParOldGen       total 54272K, used 7399K [0x0000000080000000, 0x0000000083500000, 0x00000000d5580000)
  object space 54272K, 13% used [0x0000000080000000,0x0000000080739dd8,0x0000000083500000)
 Metaspace       used 32450K, capacity 33610K, committed 33664K, reserved 1079296K
  class space    used 4405K, capacity 4710K, committed 4736K, reserved 1048576K
Event: 5,896 GC heap after
Heap after GC invocations=8 (full 1):
 PSYoungGen      total 138752K, used 11771K [0x00000000d5580000, 0x00000000e4200000, 0x0000000100000000)
  eden space 126976K, 0% used [0x00000000d5580000,0x00000000d5580000,0x00000000dd180000)
  from space 11776K, 99% used [0x00000000dd180000,0x00000000ddcfef38,0x00000000ddd00000)
  to   space 14336K, 0% used [0x00000000e3400000,0x00000000e3400000,0x00000000e4200000)
 ParOldGen       total 54272K, used 8230K [0x0000000080000000, 0x0000000083500000, 0x00000000d5580000)
  object space 54272K, 15% used [0x0000000080000000,0x0000000080809970,0x0000000083500000)
 Metaspace       used 32450K, capacity 33610K, committed 33664K, reserved 1079296K
  class space    used 4405K, capacity 4710K, committed 4736K, reserved 1048576K
}
Event: 6,600 GC heap before
{Heap before GC invocations=9 (full 1):
 PSYoungGen      total 138752K, used 45754K [0x00000000d5580000, 0x00000000e4200000, 0x0000000100000000)
  eden space 126976K, 26% used [0x00000000d5580000,0x00000000d76afc80,0x00000000dd180000)
  from space 11776K, 99% used [0x00000000dd180000,0x00000000ddcfef38,0x00000000ddd00000)
  to   space 14336K, 0% used [0x00000000e3400000,0x00000000e3400000,0x00000000e4200000)
 ParOldGen       total 54272K, used 8230K [0x0000000080000000, 0x0000000083500000, 0x00000000d5580000)
  object space 54272K, 15% used [0x0000000080000000,0x0000000080809970,0x0000000083500000)
 Metaspace       used 34029K, capacity 35312K, committed 35416K, reserved 1079296K
  class space    used 4604K, capacity 4943K, committed 4992K, reserved 1048576K
Event: 6,648 GC heap after
Heap after GC invocations=9 (full 1):
 PSYoungGen      total 228352K, used 8987K [0x00000000d5580000, 0x00000000e4600000, 0x0000000100000000)
  eden space 214016K, 0% used [0x00000000d5580000,0x00000000d5580000,0x00000000e2680000)
  from space 14336K, 62% used [0x00000000e3400000,0x00000000e3cc6da0,0x00000000e4200000)
  to   space 13824K, 0% used [0x00000000e2680000,0x00000000e2680000,0x00000000e3400000)
 ParOldGen       total 54272K, used 8238K [0x0000000080000000, 0x0000000083500000, 0x00000000d5580000)
  object space 54272K, 15% used [0x0000000080000000,0x000000008080b970,0x0000000083500000)
 Metaspace       used 34029K, capacity 35312K, committed 35416K, reserved 1079296K
  class space    used 4604K, capacity 4943K, committed 4992K, reserved 1048576K
}
Event: 6,648 GC heap before
{Heap before GC invocations=10 (full 2):
 PSYoungGen      total 228352K, used 8987K [0x00000000d5580000, 0x00000000e4600000, 0x0000000100000000)
  eden space 214016K, 0% used [0x00000000d5580000,0x00000000d5580000,0x00000000e2680000)
  from space 14336K, 62% used [0x00000000e3400000,0x00000000e3cc6da0,0x00000000e4200000)
  to   space 13824K, 0% used [0x00000000e2680000,0x00000000e2680000,0x00000000e3400000)
 ParOldGen       total 54272K, used 8238K [0x0000000080000000, 0x0000000083500000, 0x00000000d5580000)
  object space 54272K, 15% used [0x0000000080000000,0x000000008080b970,0x0000000083500000)
 Metaspace       used 34029K, capacity 35312K, committed 35416K, reserved 1079296K
  class space    used 4604K, capacity 4943K, committed 4992K, reserved 1048576K

